<?xml version="1.0" encoding="UTF-8"?>
<!-- Generated by org.testng.reporters.JUnitXMLReporter -->
<testsuite ignored="0" hostname="SR" failures="0" tests="5" name="Default test" time="14.622" errors="0" timestamp="2026-04-22T10:23:43 IST">
  <testcase classname="com.test.DemoNinja" name="ValLogin" time="3.007"/>
  <testcase classname="com.test.DemoNinja" name="inValLogin" time="4.389"/>
  <testcase classname="com.test.DemoNinja" name="inValLogin" time="4.278"/>
  <testcase classname="com.test.DemoNinja" name="inValSearch" time="1.172"/>
  <testcase classname="com.test.DemoNinja" name="valSearch" time="0.999"/>
</testsuite> <!-- Default test -->
