<?xml version="1.0" encoding="UTF-8"?>
<!-- Generated by org.testng.reporters.JUnitXMLReporter -->
<testsuite ignored="0" hostname="SR" failures="0" tests="5" name="Test" time="11.634" errors="0" timestamp="2026-04-21T20:39:20 IST">
  <testcase classname="com.test.DemoNinja" name="valSearch" time="4.333"/>
  <testcase classname="com.test.DemoNinja" name="inValSearch" time="4.361"/>
  <testcase classname="com.test.DemoNinja" name="inValLogin" time="5.885"/>
  <testcase classname="com.test.DemoNinja" name="inValLogin" time="7.367"/>
  <testcase classname="com.test.DemoNinja" name="ValLogin" time="7.718"/>
</testsuite> <!-- Test -->
