<?xml version="1.0" encoding="UTF-8"?>
<!-- Generated by org.testng.reporters.JUnitReportReporter -->
<testsuite hostname="SR" failures="0" tests="5" name="com.test.DemoNinja" time="19.241" errors="0" timestamp="2026-04-22T10:23:43 IST" skipped="0">
  <testcase classname="com.test.DemoNinja" name="valSearch" time="2.213"/>
  <testcase classname="com.test.DemoNinja" name="inValLogin" time="5.120"/>
  <testcase classname="com.test.DemoNinja" name="ValLogin" time="4.368"/>
  <testcase classname="com.test.DemoNinja" name="inValLogin" time="5.292"/>
  <testcase classname="com.test.DemoNinja" name="inValSearch" time="2.248"/>
</testsuite> <!-- com.test.DemoNinja -->
