<?xml version="1.0" encoding="UTF-8"?>
<!-- Generated by org.testng.reporters.JUnitReportReporter -->
<testsuite hostname="SR" failures="0" tests="5" name="com.test.DemoNinja" time="46.818" errors="0" timestamp="2026-04-21T20:39:20 IST" skipped="0">
  <testcase classname="com.test.DemoNinja" name="inValLogin" time="9.807"/>
  <testcase classname="com.test.DemoNinja" name="ValLogin" time="11.653"/>
  <testcase classname="com.test.DemoNinja" name="inValSearch" time="7.494"/>
  <testcase classname="com.test.DemoNinja" name="inValLogin" time="10.462"/>
  <testcase classname="com.test.DemoNinja" name="valSearch" time="7.402"/>
</testsuite> <!-- com.test.DemoNinja -->
